<?xml version="1.0" encoding="UTF-8" ?>
<testsuite tests="4" failures="0" name="com.basic.FeatureFile.RunMyFirstFeatureTest" time="0.035" errors="2" skipped="1">
  <properties>
[...]
</properties>
  <testcase classname="Scenario: Validate First Name field" name="Given User need to be on Facebook login page" time="0.003"/>
  <testcase classname="Scenario: Validate First Name field" name="When User enters user first name" time="0.01">
    <error message="no such element: Unable to locate element: {&quot;method&quot;:&quot;css selector&quot;,&quot;selector&quot;:&quot;#u_0_2_uM&quot;}
  (Session info: chrome=91.0.4472.114)
For documentation on this error, please visit: https://selenium.dev/exceptions/#no_such_element
Build info: version: &apos;4.0.0-beta-4&apos;, revision: &apos;29f46d02dd&apos;
System info: host: &apos;DESKTOP-9RSRABK&apos;, ip: &apos;192.168.8.100&apos;, os.name: &apos;Windows 10&apos;, os.arch: &apos;amd64&apos;, os.version: &apos;10.0&apos;, java.version: &apos;11.0.10&apos;
Driver info: org.openqa.selenium.chrome.ChromeDriver
Command: [8f95d6e845dfd800521e13d5968f58e6, findElement {using=id, value=u_0_2_uM}]
Capabilities {acceptInsecureCerts: false, browserName: chrome, browserVersion: 91.0.4472.114, chrome: {chromedriverVersion: 91.0.4472.101 (af52a90bf870..., userDataDir: C:\Users\siboi\AppData\Loca...}, goog:chromeOptions: {debuggerAddress: localhost:53689}, javascriptEnabled: true, networkConnectionEnabled: false, pageLoadStrategy: normal, platform: WINDOWS, platformName: WINDOWS, proxy: Proxy(), se:cdp: ws://localhost:53689/devtoo..., se:cdpVersion: 91.0.4472.114, setWindowRect: true, strictFileInteractability: false, timeouts: {implicit: 0, pageLoad: 300000, script: 30000}, unhandledPromptBehavior: dismiss and notify, webauthn:extension:largeBlob: true, webauthn:virtualAuthenticators: true}
Session ID: 8f95d6e845dfd800521e13d5968f58e6" type="org.openqa.selenium.NoSuchElementException">org.openqa.selenium.NoSuchElementException: no such element: Unable to locate element: {&quot;method&quot;:&quot;css selector&quot;,&quot;selector&quot;:&quot;#u_0_2_uM&quot;}
  (Session info: chrome=91.0.4472.114)
For documentation on this error, please visit: https://selenium.dev/exceptions/#no_such_element
Build info: version: &apos;4.0.0-beta-4&apos;, revision: &apos;29f46d02dd&apos;
System info: host: &apos;DESKTOP-9RSRABK&apos;, ip: &apos;192.168.8.100&apos;, os.name: &apos;Windows 10&apos;, os.arch: &apos;amd64&apos;, os.version: &apos;10.0&apos;, java.version: &apos;11.0.10&apos;
Driver info: org.openqa.selenium.chrome.ChromeDriver
Command: [8f95d6e845dfd800521e13d5968f58e6, findElement {using=id, value=u_0_2_uM}]
Capabilities {acceptInsecureCerts: false, browserName: chrome, browserVersion: 91.0.4472.114, chrome: {chromedriverVersion: 91.0.4472.101 (af52a90bf870..., userDataDir: C:\Users\siboi\AppData\Loca...}, goog:chromeOptions: {debuggerAddress: localhost:53689}, javascriptEnabled: true, networkConnectionEnabled: false, pageLoadStrategy: normal, platform: WINDOWS, platformName: WINDOWS, proxy: Proxy(), se:cdp: ws://localhost:53689/devtoo..., se:cdpVersion: 91.0.4472.114, setWindowRect: true, strictFileInteractability: false, timeouts: {implicit: 0, pageLoad: 300000, script: 30000}, unhandledPromptBehavior: dismiss and notify, webauthn:extension:largeBlob: true, webauthn:virtualAuthenticators: true}
Session ID: 8f95d6e845dfd800521e13d5968f58e6
	at java.base/jdk.internal.reflect.NativeConstructorAccessorImpl.newInstance0(Native Method)
	at java.base/jdk.internal.reflect.NativeConstructorAccessorImpl.newInstance(NativeConstructorAccessorImpl.java:62)
	at java.base/jdk.internal.reflect.DelegatingConstructorAccessorImpl.newInstance(DelegatingConstructorAccessorImpl.java:45)
	at java.base/java.lang.reflect.Constructor.newInstance(Constructor.java:490)
	at org.openqa.selenium.remote.codec.w3c.W3CHttpResponseCodec.createException(W3CHttpResponseCodec.java:200)
	at org.openqa.selenium.remote.codec.w3c.W3CHttpResponseCodec.decode(W3CHttpResponseCodec.java:133)
	at org.openqa.selenium.remote.codec.w3c.W3CHttpResponseCodec.decode(W3CHttpResponseCodec.java:53)
	at org.openqa.selenium.remote.HttpCommandExecutor.execute(HttpCommandExecutor.java:184)
	at org.openqa.selenium.remote.service.DriverCommandExecutor.invokeExecute(DriverCommandExecutor.java:162)
	at org.openqa.selenium.remote.service.DriverCommandExecutor.execute(DriverCommandExecutor.java:137)
	at org.openqa.selenium.remote.RemoteWebDriver.execute(RemoteWebDriver.java:612)
	at org.openqa.selenium.remote.RemoteWebDriver$Mechanism$2.findElement(RemoteWebDriver.java:1251)
	at org.openqa.selenium.remote.RemoteWebDriver.findElement(RemoteWebDriver.java:386)
	at org.openqa.selenium.remote.RemoteWebDriver.findElement(RemoteWebDriver.java:373)
	at com.basic.FeatureFile.MyFirstFeature.User_enters_user_first_name(MyFirstFeature.java:27)
	at ✽.When User enters user first name(com/basic/FeatureFile/MyFirstFeature.feature:6)
</error>
  </testcase>
  <testcase classname="Scenario: Validate First Name field" name="Scenario: Validate First Name field" time="0.011">
    <error message="no such element: Unable to locate element: {&quot;method&quot;:&quot;css selector&quot;,&quot;selector&quot;:&quot;#u_0_2_uM&quot;}
  (Session info: chrome=91.0.4472.114)
For documentation on this error, please visit: https://selenium.dev/exceptions/#no_such_element
Build info: version: &apos;4.0.0-beta-4&apos;, revision: &apos;29f46d02dd&apos;
System info: host: &apos;DESKTOP-9RSRABK&apos;, ip: &apos;192.168.8.100&apos;, os.name: &apos;Windows 10&apos;, os.arch: &apos;amd64&apos;, os.version: &apos;10.0&apos;, java.version: &apos;11.0.10&apos;
Driver info: org.openqa.selenium.chrome.ChromeDriver
Command: [8f95d6e845dfd800521e13d5968f58e6, findElement {using=id, value=u_0_2_uM}]
Capabilities {acceptInsecureCerts: false, browserName: chrome, browserVersion: 91.0.4472.114, chrome: {chromedriverVersion: 91.0.4472.101 (af52a90bf870..., userDataDir: C:\Users\siboi\AppData\Loca...}, goog:chromeOptions: {debuggerAddress: localhost:53689}, javascriptEnabled: true, networkConnectionEnabled: false, pageLoadStrategy: normal, platform: WINDOWS, platformName: WINDOWS, proxy: Proxy(), se:cdp: ws://localhost:53689/devtoo..., se:cdpVersion: 91.0.4472.114, setWindowRect: true, strictFileInteractability: false, timeouts: {implicit: 0, pageLoad: 300000, script: 30000}, unhandledPromptBehavior: dismiss and notify, webauthn:extension:largeBlob: true, webauthn:virtualAuthenticators: true}
Session ID: 8f95d6e845dfd800521e13d5968f58e6" type="org.openqa.selenium.NoSuchElementException">org.openqa.selenium.NoSuchElementException: no such element: Unable to locate element: {&quot;method&quot;:&quot;css selector&quot;,&quot;selector&quot;:&quot;#u_0_2_uM&quot;}
  (Session info: chrome=91.0.4472.114)
For documentation on this error, please visit: https://selenium.dev/exceptions/#no_such_element
Build info: version: &apos;4.0.0-beta-4&apos;, revision: &apos;29f46d02dd&apos;
System info: host: &apos;DESKTOP-9RSRABK&apos;, ip: &apos;192.168.8.100&apos;, os.name: &apos;Windows 10&apos;, os.arch: &apos;amd64&apos;, os.version: &apos;10.0&apos;, java.version: &apos;11.0.10&apos;
Driver info: org.openqa.selenium.chrome.ChromeDriver
Command: [8f95d6e845dfd800521e13d5968f58e6, findElement {using=id, value=u_0_2_uM}]
Capabilities {acceptInsecureCerts: false, browserName: chrome, browserVersion: 91.0.4472.114, chrome: {chromedriverVersion: 91.0.4472.101 (af52a90bf870..., userDataDir: C:\Users\siboi\AppData\Loca...}, goog:chromeOptions: {debuggerAddress: localhost:53689}, javascriptEnabled: true, networkConnectionEnabled: false, pageLoadStrategy: normal, platform: WINDOWS, platformName: WINDOWS, proxy: Proxy(), se:cdp: ws://localhost:53689/devtoo..., se:cdpVersion: 91.0.4472.114, setWindowRect: true, strictFileInteractability: false, timeouts: {implicit: 0, pageLoad: 300000, script: 30000}, unhandledPromptBehavior: dismiss and notify, webauthn:extension:largeBlob: true, webauthn:virtualAuthenticators: true}
Session ID: 8f95d6e845dfd800521e13d5968f58e6
	at java.base/jdk.internal.reflect.NativeConstructorAccessorImpl.newInstance0(Native Method)
	at java.base/jdk.internal.reflect.NativeConstructorAccessorImpl.newInstance(NativeConstructorAccessorImpl.java:62)
	at java.base/jdk.internal.reflect.DelegatingConstructorAccessorImpl.newInstance(DelegatingConstructorAccessorImpl.java:45)
	at java.base/java.lang.reflect.Constructor.newInstance(Constructor.java:490)
	at org.openqa.selenium.remote.codec.w3c.W3CHttpResponseCodec.createException(W3CHttpResponseCodec.java:200)
	at org.openqa.selenium.remote.codec.w3c.W3CHttpResponseCodec.decode(W3CHttpResponseCodec.java:133)
	at org.openqa.selenium.remote.codec.w3c.W3CHttpResponseCodec.decode(W3CHttpResponseCodec.java:53)
	at org.openqa.selenium.remote.HttpCommandExecutor.execute(HttpCommandExecutor.java:184)
	at org.openqa.selenium.remote.service.DriverCommandExecutor.invokeExecute(DriverCommandExecutor.java:162)
	at org.openqa.selenium.remote.service.DriverCommandExecutor.execute(DriverCommandExecutor.java:137)
	at org.openqa.selenium.remote.RemoteWebDriver.execute(RemoteWebDriver.java:612)
	at org.openqa.selenium.remote.RemoteWebDriver$Mechanism$2.findElement(RemoteWebDriver.java:1251)
	at org.openqa.selenium.remote.RemoteWebDriver.findElement(RemoteWebDriver.java:386)
	at org.openqa.selenium.remote.RemoteWebDriver.findElement(RemoteWebDriver.java:373)
	at com.basic.FeatureFile.MyFirstFeature.User_enters_user_first_name(MyFirstFeature.java:27)
	at ✽.When User enters user first name(com/basic/FeatureFile/MyFirstFeature.feature:6)
</error>
  </testcase>
  <testcase classname="Scenario: Validate First Name field" name="Then User checks user first name is present" time="0.011">
    <skipped/>
  </testcase>
</testsuite>